<?xml version="1.0" encoding="utf-8"?><testsuites name="pytest tests"><testsuite name="pytest" errors="0" failures="0" skipped="0" tests="12" time="2.306" timestamp="2026-05-22T20:15:42.414555+00:00" hostname="agent-env-54d1b4e9-e5f5-4f38-a24a-79a7a23121c0"><testcase classname="backend.tests.test_backend" name="test_root" time="0.244" /><testcase classname="backend.tests.test_backend" name="test_dashboard" time="0.069" /><testcase classname="backend.tests.test_backend" name="test_games_seeded" time="0.102" /><testcase classname="backend.tests.test_backend" name="test_get_game_by_id" time="0.071" /><testcase classname="backend.tests.test_backend" name="test_get_game_404" time="0.060" /><testcase classname="backend.tests.test_backend" name="test_game_crud_cycle" time="0.508" /><testcase classname="backend.tests.test_backend" name="test_session_lifecycle" time="0.321" /><testcase classname="backend.tests.test_backend" name="test_session_stop" time="0.183" /><testcase classname="backend.tests.test_backend" name="test_session_invalid_game" time="0.063" /><testcase classname="backend.tests.test_backend" name="test_milestones_listing_ordered" time="0.066" /><testcase classname="backend.tests.test_backend" name="test_milestone_crud" time="0.202" /><testcase classname="backend.tests.test_backend" name="test_dashboard_aggregation" time="0.249" /></testsuite></testsuites>