<?xml version="1.0" encoding="utf-8"?><testsuites name="pytest tests"><testsuite name="pytest" errors="0" failures="0" skipped="0" tests="18" time="2.333" timestamp="2026-05-22T22:40:02.628637+00:00" hostname="agent-env-54d1b4e9-e5f5-4f38-a24a-79a7a23121c0"><testcase classname="backend.tests.test_backend" name="test_root" time="0.240" /><testcase classname="backend.tests.test_backend" name="test_dashboard" time="0.055" /><testcase classname="backend.tests.test_backend" name="test_games_seeded" time="0.049" /><testcase classname="backend.tests.test_backend" name="test_get_game_by_id" time="0.054" /><testcase classname="backend.tests.test_backend" name="test_get_game_404" time="0.064" /><testcase classname="backend.tests.test_backend" name="test_game_crud_cycle" time="0.419" /><testcase classname="backend.tests.test_backend" name="test_session_lifecycle" time="0.250" /><testcase classname="backend.tests.test_backend" name="test_session_stop" time="0.142" /><testcase classname="backend.tests.test_backend" name="test_session_invalid_game" time="0.051" /><testcase classname="backend.tests.test_backend" name="test_milestones_listing_ordered" time="0.047" /><testcase classname="backend.tests.test_backend" name="test_milestone_crud" time="0.149" /><testcase classname="backend.tests.test_backend" name="test_all_games_have_automate_flow_json" time="0.000" /><testcase classname="backend.tests.test_backend" name="test_crypto_miner_flow_has_18_nodes_and_correct_pkg" time="0.000" /><testcase classname="backend.tests.test_backend" name="test_idle_bank_flow_templated_with_own_pkg_and_taps" time="0.000" /><testcase classname="backend.tests.test_backend" name="test_create_game_with_automate_flow_json_roundtrip" time="0.154" /><testcase classname="backend.tests.test_backend" name="test_create_game_without_automate_flow_json_is_null" time="0.097" /><testcase classname="backend.tests.test_backend" name="test_patch_game_automate_flow_json" time="0.197" /><testcase classname="backend.tests.test_backend" name="test_dashboard_aggregation" time="0.198" /></testsuite></testsuites>